{"numFailedTestSuites":0,"numFailedTests":0,"numPassedTestSuites":1,"numPassedTests":3,"numPendingTestSuites":0,"numPendingTests":0,"numRuntimeErrorTestSuites":0,"numTodoTests":0,"numTotalTestSuites":1,"numTotalTests":3,"openHandles":[],"snapshot":{"added":0,"didUpdate":false,"failure":false,"filesAdded":0,"filesRemoved":0,"filesRemovedList":[],"filesUnmatched":0,"filesUpdated":0,"matched":0,"total":0,"unchecked":0,"uncheckedKeysByFile":[],"unmatched":0,"updated":0},"startTime":1771152291823,"success":true,"testResults":[{"assertionResults":[{"ancestorTitles":["Site helpers"],"duration":2,"failureDetails":[],"failureMessages":[],"fullName":"Site helpers normalizePhone strips non-digits but preserves leading +","invocations":1,"location":null,"numPassingAsserts":3,"retryReasons":[],"status":"passed","title":"normalizePhone strips non-digits but preserves leading +"},{"ancestorTitles":["Site helpers"],"duration":1,"failureDetails":[],"failureMessages":[],"fullName":"Site helpers buildWhatsAppHref produces a wa.me link with stripped phone","invocations":1,"location":null,"numPassingAsserts":2,"retryReasons":[],"status":"passed","title":"buildWhatsAppHref produces a wa.me link with stripped phone"},{"ancestorTitles":["Site helpers"],"duration":29,"failureDetails":[],"failureMessages":[],"fullName":"Site helpers hidePreloader hides .preload element","invocations":1,"location":null,"numPassingAsserts":2,"retryReasons":[],"status":"passed","title":"hidePreloader hides .preload element"}],"endTime":1771152292744,"message":"","name":"/workspaces/whatsapp-messages-hack/tests/unit/site.test.js","startTime":1771152292540,"status":"passed","summary":""}],"wasInterrupted":false,"coverageMap":{"/workspaces/whatsapp-messages-hack/js/site.js":{"path":"/workspaces/whatsapp-messages-hack/js/site.js","statementMap":{"0":{"start":{"line":1,"column":0},"end":{"line":31,"column":3}},"1":{"start":{"line":2,"column":2},"end":{"line":6,"column":3}},"2":{"start":{"line":3,"column":4},"end":{"line":3,"column":31}},"3":{"start":{"line":5,"column":4},"end":{"line":5,"column":26}},"4":{"start":{"line":11,"column":4},"end":{"line":11,"column":54}},"5":{"start":{"line":15,"column":12},"end":{"line":15,"column":52}},"6":{"start":{"line":16,"column":4},"end":{"line":16,"column":73}},"7":{"start":{"line":20,"column":12},"end":{"line":20,"column":46}},"8":{"start":{"line":21,"column":4},"end":{"line":21,"column":18}},"9":{"start":{"line":21,"column":11},"end":{"line":21,"column":18}},"10":{"start":{"line":22,"column":4},"end":{"line":22,"column":74}},"11":{"start":{"line":22,"column":9},"end":{"line":22,"column":62}},"12":{"start":{"line":22,"column":28},"end":{"line":22,"column":52}},"13":{"start":{"line":22,"column":53},"end":{"line":22,"column":60}},"14":{"start":{"line":23,"column":4},"end":{"line":23,"column":29}},"15":{"start":{"line":26,"column":2},"end":{"line":30,"column":4}}},"fnMap":{"0":{"name":"(anonymous_0)","decl":{"start":{"line":1,"column":1},"end":{"line":1,"column":2}},"loc":{"start":{"line":1,"column":24},"end":{"line":7,"column":1}},"line":1},"1":{"name":"(anonymous_1)","decl":{"start":{"line":7,"column":9},"end":{"line":7,"column":10}},"loc":{"start":{"line":7,"column":19},"end":{"line":31,"column":1}},"line":7},"2":{"name":"normalizePhone","decl":{"start":{"line":10,"column":11},"end":{"line":10,"column":25}},"loc":{"start":{"line":10,"column":28},"end":{"line":12,"column":3}},"line":10},"3":{"name":"buildWhatsAppHref","decl":{"start":{"line":14,"column":11},"end":{"line":14,"column":28}},"loc":{"start":{"line":14,"column":35},"end":{"line":17,"column":3}},"line":14},"4":{"name":"hidePreloader","decl":{"start":{"line":19,"column":11},"end":{"line":19,"column":24}},"loc":{"start":{"line":19,"column":26},"end":{"line":24,"column":3}},"line":19}},"branchMap":{"0":{"loc":{"start":{"line":2,"column":2},"end":{"line":6,"column":3}},"type":"if","locations":[{"start":{"line":2,"column":2},"end":{"line":6,"column":3}},{"start":{"line":4,"column":9},"end":{"line":6,"column":3}}],"line":2},"1":{"loc":{"start":{"line":2,"column":5},"end":{"line":2,"column":52}},"type":"binary-expr","locations":[{"start":{"line":2,"column":5},"end":{"line":2,"column":34}},{"start":{"line":2,"column":38},"end":{"line":2,"column":52}}],"line":2},"2":{"loc":{"start":{"line":11,"column":11},"end":{"line":11,"column":53}},"type":"cond-expr","locations":[{"start":{"line":11,"column":15},"end":{"line":11,"column":48}},{"start":{"line":11,"column":51},"end":{"line":11,"column":53}}],"line":11},"3":{"loc":{"start":{"line":21,"column":4},"end":{"line":21,"column":18}},"type":"if","locations":[{"start":{"line":21,"column":4},"end":{"line":21,"column":18}},{"start":{},"end":{}}],"line":21},"4":{"loc":{"start":{"line":22,"column":9},"end":{"line":22,"column":62}},"type":"if","locations":[{"start":{"line":22,"column":9},"end":{"line":22,"column":62}},{"start":{},"end":{}}],"line":22}},"s":{"0":1,"1":1,"2":1,"3":0,"4":4,"5":1,"6":1,"7":1,"8":1,"9":0,"10":1,"11":1,"12":0,"13":0,"14":1,"15":1},"f":{"0":1,"1":1,"2":4,"3":1,"4":1},"b":{"0":[1,0],"1":[1,1],"2":[3,1],"3":[0,1],"4":[0,1]},"_coverageSchema":"1a1c01bbd47fc00a2c39e90264f33305004495a9","hash":"371ff6a87718e2be5c36392a6f57bc2e97054883"}}}
