<?xml version="1.0" encoding="UTF-8"?>
<coverage generated="1771145044518" clover="3.2.0">
  <project timestamp="1771145044518" name="All files">
    <metrics statements="12" coveredstatements="11" conditionals="10" coveredconditionals="7" methods="5" coveredmethods="5" elements="27" coveredelements="23" complexity="0" loc="12" ncloc="12" packages="1" files="1" classes="1"/>
    <file name="site.js" path="/workspaces/whatsapp-messages-hack/js/site.js">
      <metrics statements="12" coveredstatements="11" conditionals="10" coveredconditionals="7" methods="5" coveredmethods="5"/>
      <line num="1" count="1" type="stmt"/>
      <line num="2" count="1" type="cond" truecount="3" falsecount="1"/>
      <line num="3" count="1" type="stmt"/>
      <line num="5" count="0" type="stmt"/>
      <line num="11" count="4" type="cond" truecount="2" falsecount="0"/>
      <line num="15" count="1" type="stmt"/>
      <line num="16" count="1" type="stmt"/>
      <line num="20" count="1" type="stmt"/>
      <line num="21" count="1" type="cond" truecount="1" falsecount="1"/>
      <line num="22" count="1" type="cond" truecount="1" falsecount="1"/>
      <line num="23" count="1" type="stmt"/>
      <line num="26" count="1" type="stmt"/>
    </file>
  </project>
</coverage>
