TN:
SF:js/site.js
FN:1,(anonymous_0)
FN:7,(anonymous_1)
FN:10,normalizePhone
FN:14,buildWhatsAppHref
FN:19,hidePreloader
FNF:5
FNH:5
FNDA:1,(anonymous_0)
FNDA:1,(anonymous_1)
FNDA:4,normalizePhone
FNDA:1,buildWhatsAppHref
FNDA:1,hidePreloader
DA:1,1
DA:2,1
DA:3,1
DA:5,0
DA:11,4
DA:15,1
DA:16,1
DA:20,1
DA:21,1
DA:22,1
DA:23,1
DA:26,1
LF:12
LH:11
BRDA:2,0,0,1
BRDA:2,0,1,0
BRDA:2,1,0,1
BRDA:2,1,1,1
BRDA:11,2,0,3
BRDA:11,2,1,1
BRDA:21,3,0,0
BRDA:21,3,1,1
BRDA:22,4,0,0
BRDA:22,4,1,1
BRF:10
BRH:7
end_of_record
